2022-07-03 09:15:24,803 <INFO> <main> org.springframework.boot.StartupInfoLogger.logStarting(StartupInfoLogger.java:55) | Starting SteamApplication using Java 1.8.0_301 on LAPTOP-HHHOCEC4 with PID 18776 (C:\Users\64879\Desktop\gateway-master\Steam\target\classes started by 64879 in C:\Users\64879\Desktop\gateway-master\Steam)
2022-07-03 09:15:24,806 <INFO> <main> org.springframework.boot.SpringApplication.logStartupProfileInfo(SpringApplication.java:660) | No active profile set, falling back to default profiles: default
2022-07-03 09:15:25,488 <INFO> <main> org.springframework.data.repository.config.RepositoryConfigurationDelegate.multipleStoresDetected(RepositoryConfigurationDelegate.java:250) | Multiple Spring Data modules found, entering strict repository configuration mode!
2022-07-03 09:15:25,491 <INFO> <main> org.springframework.data.repository.config.RepositoryConfigurationDelegate.registerRepositoriesIn(RepositoryConfigurationDelegate.java:128) | Bootstrapping Spring Data Redis repositories in DEFAULT mode.
2022-07-03 09:15:25,520 <INFO> <main> org.springframework.data.repository.config.RepositoryConfigurationDelegate.registerRepositoriesIn(RepositoryConfigurationDelegate.java:188) | Finished Spring Data repository scanning in 14 ms. Found 0 Redis repository interfaces.
2022-07-03 09:15:26,696 <INFO> <main> org.springframework.boot.web.embedded.tomcat.TomcatWebServer.initialize(TomcatWebServer.java:108) | Tomcat initialized with port(s): 80 (http)
2022-07-03 09:15:26,830 <INFO> <main> org.springframework.boot.web.servlet.context.ServletWebServerApplicationContext.prepareWebApplicationContext(ServletWebServerApplicationContext.java:289) | Root WebApplicationContext: initialization completed in 1961 ms
2022-07-03 09:15:27,950 <INFO> <main> org.springframework.scheduling.concurrent.ExecutorConfigurationSupport.initialize(ExecutorConfigurationSupport.java:181) | Initializing ExecutorService 'applicationTaskExecutor'
2022-07-03 09:15:28,415 <INFO> <main> org.springframework.boot.web.embedded.tomcat.TomcatWebServer.start(TomcatWebServer.java:220) | Tomcat started on port(s): 80 (http) with context path ''
2022-07-03 09:15:28,423 <INFO> <main> org.springframework.boot.StartupInfoLogger.logStarted(StartupInfoLogger.java:61) | Started SteamApplication in 4.08 seconds (JVM running for 5.35)
2022-07-03 09:17:56,690 <INFO> <http-nio-80-exec-1> org.springframework.web.servlet.FrameworkServlet.initServletBean(FrameworkServlet.java:525) | Initializing Servlet 'dispatcherServlet'
2022-07-03 09:17:56,691 <INFO> <http-nio-80-exec-1> org.springframework.web.servlet.FrameworkServlet.initServletBean(FrameworkServlet.java:547) | Completed initialization in 1 ms
2022-07-03 09:17:57,414 <ERROR> <http-nio-80-exec-1> steam.filter.RequestAopConfig.afterThrowing(RequestAopConfig.java:63) | 异常请求开始---Send Request URL: http://127.0.0.1/sign-query, Method: POST, Params: steamid=1   异常请求方法---ClassName: steam.SteamApplication, [Method]: signQuery, execution time: 650ms   异常请求结束---Exception Message: null
2022-07-03 09:18:34,790 <ERROR> <http-nio-80-exec-2> steam.filter.RequestAopConfig.afterThrowing(RequestAopConfig.java:63) | 异常请求开始---Send Request URL: http://127.0.0.1/sign-query, Method: POST, Params: steamid=1   异常请求方法---ClassName: steam.SteamApplication, [Method]: signQuery, execution time: 28259ms   异常请求结束---Exception Message: null
2022-07-03 09:18:35,077 <INFO> <SpringContextShutdownHook> org.springframework.scheduling.concurrent.ExecutorConfigurationSupport.shutdown(ExecutorConfigurationSupport.java:218) | Shutting down ExecutorService 'applicationTaskExecutor'
2022-07-03 09:18:40,768 <INFO> <main> org.springframework.boot.StartupInfoLogger.logStarting(StartupInfoLogger.java:55) | Starting SteamApplication using Java 1.8.0_301 on LAPTOP-HHHOCEC4 with PID 21800 (C:\Users\64879\Desktop\gateway-master\Steam\target\classes started by 64879 in C:\Users\64879\Desktop\gateway-master\Steam)
2022-07-03 09:18:40,770 <INFO> <main> org.springframework.boot.SpringApplication.logStartupProfileInfo(SpringApplication.java:660) | No active profile set, falling back to default profiles: default
2022-07-03 09:18:41,337 <INFO> <main> org.springframework.data.repository.config.RepositoryConfigurationDelegate.multipleStoresDetected(RepositoryConfigurationDelegate.java:250) | Multiple Spring Data modules found, entering strict repository configuration mode!
2022-07-03 09:18:41,340 <INFO> <main> org.springframework.data.repository.config.RepositoryConfigurationDelegate.registerRepositoriesIn(RepositoryConfigurationDelegate.java:128) | Bootstrapping Spring Data Redis repositories in DEFAULT mode.
2022-07-03 09:18:41,364 <INFO> <main> org.springframework.data.repository.config.RepositoryConfigurationDelegate.registerRepositoriesIn(RepositoryConfigurationDelegate.java:188) | Finished Spring Data repository scanning in 12 ms. Found 0 Redis repository interfaces.
2022-07-03 09:18:42,416 <INFO> <main> org.springframework.boot.web.embedded.tomcat.TomcatWebServer.initialize(TomcatWebServer.java:108) | Tomcat initialized with port(s): 80 (http)
2022-07-03 09:18:42,542 <INFO> <main> org.springframework.boot.web.servlet.context.ServletWebServerApplicationContext.prepareWebApplicationContext(ServletWebServerApplicationContext.java:289) | Root WebApplicationContext: initialization completed in 1715 ms
2022-07-03 09:18:43,648 <INFO> <main> org.springframework.scheduling.concurrent.ExecutorConfigurationSupport.initialize(ExecutorConfigurationSupport.java:181) | Initializing ExecutorService 'applicationTaskExecutor'
2022-07-03 09:18:44,152 <INFO> <main> org.springframework.boot.web.embedded.tomcat.TomcatWebServer.start(TomcatWebServer.java:220) | Tomcat started on port(s): 80 (http) with context path ''
2022-07-03 09:18:44,159 <INFO> <main> org.springframework.boot.StartupInfoLogger.logStarted(StartupInfoLogger.java:61) | Started SteamApplication in 3.837 seconds (JVM running for 4.425)
2022-07-03 09:18:50,277 <INFO> <http-nio-80-exec-2> org.springframework.web.servlet.FrameworkServlet.initServletBean(FrameworkServlet.java:525) | Initializing Servlet 'dispatcherServlet'
2022-07-03 09:18:50,279 <INFO> <http-nio-80-exec-2> org.springframework.web.servlet.FrameworkServlet.initServletBean(FrameworkServlet.java:547) | Completed initialization in 1 ms
2022-07-03 09:19:07,412 <INFO> <http-nio-80-exec-2> steam.filter.RequestAopConfig.afterReturning(RequestAopConfig.java:51) | 请求开始---Send Request URL: http://127.0.0.1/sign-query, Method: POST, Params: steamid=1   请求方法---ClassName: steam.SteamApplication, [Method]: signQuery, execution time: 17061ms   请求结束---Send Response Result: 0
2022-07-03 09:21:12,947 <INFO> <http-nio-80-exec-3> steam.filter.RequestAopConfig.afterReturning(RequestAopConfig.java:51) | 请求开始---Send Request URL: http://127.0.0.1/sign-in, Method: POST, Params: steamid=1&day=3   请求方法---ClassName: steam.SteamApplication, [Method]: signIn, execution time: 52636ms   请求结束---Send Response Result: 1
2022-07-03 09:23:16,652 <INFO> <http-nio-80-exec-4> steam.filter.RequestAopConfig.afterReturning(RequestAopConfig.java:51) | 请求开始---Send Request URL: http://127.0.0.1/sign-in, Method: POST, Params: steamid=1&day=3   请求方法---ClassName: steam.SteamApplication, [Method]: signIn, execution time: 119746ms   请求结束---Send Response Result: 0
2022-07-03 09:23:16,919 <INFO> <SpringContextShutdownHook> org.springframework.scheduling.concurrent.ExecutorConfigurationSupport.shutdown(ExecutorConfigurationSupport.java:218) | Shutting down ExecutorService 'applicationTaskExecutor'
2022-07-03 09:23:22,324 <INFO> <main> org.springframework.boot.StartupInfoLogger.logStarting(StartupInfoLogger.java:55) | Starting SteamApplication using Java 1.8.0_301 on LAPTOP-HHHOCEC4 with PID 8264 (C:\Users\64879\Desktop\gateway-master\Steam\target\classes started by 64879 in C:\Users\64879\Desktop\gateway-master\Steam)
2022-07-03 09:23:22,326 <INFO> <main> org.springframework.boot.SpringApplication.logStartupProfileInfo(SpringApplication.java:660) | No active profile set, falling back to default profiles: default
2022-07-03 09:23:22,914 <INFO> <main> org.springframework.data.repository.config.RepositoryConfigurationDelegate.multipleStoresDetected(RepositoryConfigurationDelegate.java:250) | Multiple Spring Data modules found, entering strict repository configuration mode!
2022-07-03 09:23:22,917 <INFO> <main> org.springframework.data.repository.config.RepositoryConfigurationDelegate.registerRepositoriesIn(RepositoryConfigurationDelegate.java:128) | Bootstrapping Spring Data Redis repositories in DEFAULT mode.
2022-07-03 09:23:22,942 <INFO> <main> org.springframework.data.repository.config.RepositoryConfigurationDelegate.registerRepositoriesIn(RepositoryConfigurationDelegate.java:188) | Finished Spring Data repository scanning in 13 ms. Found 0 Redis repository interfaces.
2022-07-03 09:23:24,004 <INFO> <main> org.springframework.boot.web.embedded.tomcat.TomcatWebServer.initialize(TomcatWebServer.java:108) | Tomcat initialized with port(s): 80 (http)
2022-07-03 09:23:24,129 <INFO> <main> org.springframework.boot.web.servlet.context.ServletWebServerApplicationContext.prepareWebApplicationContext(ServletWebServerApplicationContext.java:289) | Root WebApplicationContext: initialization completed in 1750 ms
2022-07-03 09:23:25,132 <INFO> <main> org.springframework.scheduling.concurrent.ExecutorConfigurationSupport.initialize(ExecutorConfigurationSupport.java:181) | Initializing ExecutorService 'applicationTaskExecutor'
2022-07-03 09:23:25,614 <INFO> <main> org.springframework.boot.web.embedded.tomcat.TomcatWebServer.start(TomcatWebServer.java:220) | Tomcat started on port(s): 80 (http) with context path ''
2022-07-03 09:23:25,622 <INFO> <main> org.springframework.boot.StartupInfoLogger.logStarted(StartupInfoLogger.java:61) | Started SteamApplication in 3.752 seconds (JVM running for 4.386)
2022-07-03 09:23:25,739 <INFO> <http-nio-80-exec-1> org.springframework.web.servlet.FrameworkServlet.initServletBean(FrameworkServlet.java:525) | Initializing Servlet 'dispatcherServlet'
2022-07-03 09:23:25,740 <INFO> <http-nio-80-exec-1> org.springframework.web.servlet.FrameworkServlet.initServletBean(FrameworkServlet.java:547) | Completed initialization in 1 ms
2022-07-03 09:24:15,393 <INFO> <http-nio-80-exec-1> steam.filter.RequestAopConfig.afterReturning(RequestAopConfig.java:51) | 请求开始---Send Request URL: http://127.0.0.1/sign-in, Method: POST, Params: steamid=1&day=3   请求方法---ClassName: steam.SteamApplication, [Method]: signIn, execution time: 49614ms   请求结束---Send Response Result: 0
2022-07-03 09:24:24,478 <INFO> <http-nio-80-exec-2> steam.filter.RequestAopConfig.afterReturning(RequestAopConfig.java:51) | 请求开始---Send Request URL: http://127.0.0.1/sign-query, Method: POST, Params: steamid=1   请求方法---ClassName: steam.SteamApplication, [Method]: signQuery, execution time: 4254ms   请求结束---Send Response Result: 8
2022-07-03 09:24:47,879 <INFO> <http-nio-80-exec-3> steam.filter.RequestAopConfig.afterReturning(RequestAopConfig.java:51) | 请求开始---Send Request URL: http://127.0.0.1/sign-in, Method: POST, Params: steamid=1&day=31   请求方法---ClassName: steam.SteamApplication, [Method]: signIn, execution time: 17186ms   请求结束---Send Response Result: 1
2022-07-03 09:25:14,651 <INFO> <http-nio-80-exec-4> steam.filter.RequestAopConfig.afterReturning(RequestAopConfig.java:51) | 请求开始---Send Request URL: http://127.0.0.1/sign-query, Method: POST, Params: steamid=1   请求方法---ClassName: steam.SteamApplication, [Method]: signQuery, execution time: 19187ms   请求结束---Send Response Result: -2147483640
2022-07-03 09:25:30,365 <INFO> <http-nio-80-exec-5> steam.filter.RequestAopConfig.afterReturning(RequestAopConfig.java:51) | 请求开始---Send Request URL: http://127.0.0.1/sign-in, Method: POST, Params: steamid=1&day=31   请求方法---ClassName: steam.SteamApplication, [Method]: signIn, execution time: 13188ms   请求结束---Send Response Result: 0
2022-07-03 09:27:43,788 <INFO> <http-nio-80-exec-6> steam.filter.RequestAopConfig.afterReturning(RequestAopConfig.java:51) | 请求开始---Send Request URL: http://127.0.0.1/sign-in, Method: POST, Params: steamid=2&day=1   请求方法---ClassName: steam.SteamApplication, [Method]: signIn, execution time: 112016ms   请求结束---Send Response Result: 1
2022-07-03 09:27:44,047 <INFO> <SpringContextShutdownHook> org.springframework.scheduling.concurrent.ExecutorConfigurationSupport.shutdown(ExecutorConfigurationSupport.java:218) | Shutting down ExecutorService 'applicationTaskExecutor'
2022-07-03 09:27:48,849 <INFO> <main> org.springframework.boot.StartupInfoLogger.logStarting(StartupInfoLogger.java:55) | Starting SteamApplication using Java 1.8.0_301 on LAPTOP-HHHOCEC4 with PID 23460 (C:\Users\64879\Desktop\gateway-master\Steam\target\classes started by 64879 in C:\Users\64879\Desktop\gateway-master\Steam)
2022-07-03 09:27:48,852 <INFO> <main> org.springframework.boot.SpringApplication.logStartupProfileInfo(SpringApplication.java:660) | No active profile set, falling back to default profiles: default
2022-07-03 09:27:49,423 <INFO> <main> org.springframework.data.repository.config.RepositoryConfigurationDelegate.multipleStoresDetected(RepositoryConfigurationDelegate.java:250) | Multiple Spring Data modules found, entering strict repository configuration mode!
2022-07-03 09:27:49,426 <INFO> <main> org.springframework.data.repository.config.RepositoryConfigurationDelegate.registerRepositoriesIn(RepositoryConfigurationDelegate.java:128) | Bootstrapping Spring Data Redis repositories in DEFAULT mode.
2022-07-03 09:27:49,451 <INFO> <main> org.springframework.data.repository.config.RepositoryConfigurationDelegate.registerRepositoriesIn(RepositoryConfigurationDelegate.java:188) | Finished Spring Data repository scanning in 13 ms. Found 0 Redis repository interfaces.
2022-07-03 09:27:50,473 <INFO> <main> org.springframework.boot.web.embedded.tomcat.TomcatWebServer.initialize(TomcatWebServer.java:108) | Tomcat initialized with port(s): 80 (http)
2022-07-03 09:27:50,627 <INFO> <main> org.springframework.boot.web.servlet.context.ServletWebServerApplicationContext.prepareWebApplicationContext(ServletWebServerApplicationContext.java:289) | Root WebApplicationContext: initialization completed in 1716 ms
2022-07-03 09:27:51,644 <INFO> <main> org.springframework.scheduling.concurrent.ExecutorConfigurationSupport.initialize(ExecutorConfigurationSupport.java:181) | Initializing ExecutorService 'applicationTaskExecutor'
2022-07-03 09:27:52,125 <INFO> <main> org.springframework.boot.web.embedded.tomcat.TomcatWebServer.start(TomcatWebServer.java:220) | Tomcat started on port(s): 80 (http) with context path ''
2022-07-03 09:27:52,133 <INFO> <main> org.springframework.boot.StartupInfoLogger.logStarted(StartupInfoLogger.java:61) | Started SteamApplication in 3.717 seconds (JVM running for 4.313)
2022-07-03 09:27:54,720 <INFO> <http-nio-80-exec-1> org.springframework.web.servlet.FrameworkServlet.initServletBean(FrameworkServlet.java:525) | Initializing Servlet 'dispatcherServlet'
2022-07-03 09:27:54,721 <INFO> <http-nio-80-exec-1> org.springframework.web.servlet.FrameworkServlet.initServletBean(FrameworkServlet.java:547) | Completed initialization in 1 ms
2022-07-03 09:28:04,293 <INFO> <http-nio-80-exec-1> steam.filter.RequestAopConfig.afterReturning(RequestAopConfig.java:51) | 请求开始---Send Request URL: http://127.0.0.1/sign-in, Method: POST, Params: steamid=2&day=1   请求方法---ClassName: steam.SteamApplication, [Method]: signIn, execution time: 9528ms   请求结束---Send Response Result: 0
2022-07-03 09:28:15,538 <INFO> <SpringContextShutdownHook> org.springframework.scheduling.concurrent.ExecutorConfigurationSupport.shutdown(ExecutorConfigurationSupport.java:218) | Shutting down ExecutorService 'applicationTaskExecutor'
